=== Fast Lease Production Upload ===
File: /Users/cchapmn/mineral-data-backup/raw/pdq_extract/OG_LEASE_CYCLE_DATA_TABLE.dsv
Min year: 2010
Skipping years: 2023, 2024, 2025
Concurrency: 5

  50,000 uploaded, 9,280,022 skipped, 0 errors (1123/sec, ~351min left)
  50,000 uploaded, 9,280,726 skipped, 0 errors (1122/sec, ~351min left)
  50,000 uploaded, 9,281,367 skipped, 0 errors (1122/sec, ~351min left)
  50,000 uploaded, 9,282,086 skipped, 0 errors (1122/sec, ~351min left)
  50,000 uploaded, 9,282,659 skipped, 0 errors (1121/sec, ~352min left)
  100,000 uploaded, 9,313,822 skipped, 0 errors (1738/sec, ~226min left)
  100,000 uploaded, 9,314,246 skipped, 0 errors (1738/sec, ~226min left)
  100,000 uploaded, 9,314,882 skipped, 0 errors (1737/sec, ~226min left)
  100,000 uploaded, 9,315,718 skipped, 0 errors (1737/sec, ~226min left)
  100,000 uploaded, 9,316,384 skipped, 0 errors (1737/sec, ~226min left)
  150,000 uploaded, 9,345,131 skipped, 0 errors (1754/sec, ~224min left)
  150,000 uploaded, 9,345,775 skipped, 0 errors (1754/sec, ~224min left)
  150,000 uploaded, 9,346,642 skipped, 0 errors (1753/sec, ~224min left)
  150,000 uploaded, 9,348,080 skipped, 0 errors (1753/sec, ~224min left)
  150,000 uploaded, 9,349,223 skipped, 0 errors (1753/sec, ~224min left)
  200,000 uploaded, 9,386,018 skipped, 0 errors (1747/sec, ~224min left)
  200,000 uploaded, 9,386,466 skipped, 0 errors (1747/sec, ~224min left)
  200,000 uploaded, 9,386,871 skipped, 0 errors (1747/sec, ~224min left)
  200,000 uploaded, 9,387,364 skipped, 0 errors (1747/sec, ~224min left)
  200,000 uploaded, 9,387,973 skipped, 0 errors (1747/sec, ~224min left)
  250,000 uploaded, 9,423,583 skipped, 0 errors (1806/sec, ~216min left)
  250,000 uploaded, 9,423,847 skipped, 0 errors (1806/sec, ~216min left)
  250,000 uploaded, 9,424,173 skipped, 0 errors (1806/sec, ~216min left)
  250,000 uploaded, 9,424,410 skipped, 0 errors (1806/sec, ~216min left)
  250,000 uploaded, 9,425,103 skipped, 0 errors (1805/sec, ~217min left)
  300,000 uploaded, 9,447,390 skipped, 0 errors (1826/sec, ~214min left)
  300,000 uploaded, 9,447,782 skipped, 0 errors (1825/sec, ~214min left)
  300,000 uploaded, 9,448,190 skipped, 0 errors (1825/sec, ~214min left)
  300,000 uploaded, 9,448,601 skipped, 0 errors (1825/sec, ~214min left)
  300,000 uploaded, 9,448,946 skipped, 0 errors (1825/sec, ~214min left)
  350,000 uploaded, 9,482,062 skipped, 0 errors (1242/sec, ~313min left)
  350,000 uploaded, 9,482,788 skipped, 0 errors (1242/sec, ~313min left)
  350,000 uploaded, 9,483,327 skipped, 0 errors (1242/sec, ~313min left)
  350,000 uploaded, 9,483,786 skipped, 0 errors (1242/sec, ~313min left)
  350,000 uploaded, 9,484,286 skipped, 0 errors (1242/sec, ~313min left)
  400,000 uploaded, 9,514,156 skipped, 0 errors (1074/sec, ~362min left)
  400,000 uploaded, 9,514,690 skipped, 0 errors (1074/sec, ~362min left)
  400,000 uploaded, 9,515,021 skipped, 0 errors (1074/sec, ~362min left)
  400,000 uploaded, 9,515,475 skipped, 0 errors (1074/sec, ~362min left)
  400,000 uploaded, 9,516,036 skipped, 0 errors (1074/sec, ~362min left)
  450,000 uploaded, 9,540,148 skipped, 0 errors (1122/sec, ~345min left)
  450,000 uploaded, 9,540,502 skipped, 0 errors (1122/sec, ~345min left)
  450,000 uploaded, 9,540,954 skipped, 0 errors (1122/sec, ~345min left)
  450,000 uploaded, 9,541,170 skipped, 0 errors (1122/sec, ~345min left)
  450,000 uploaded, 9,541,570 skipped, 0 errors (1122/sec, ~345min left)
  600,000 uploaded, 9,631,681 skipped, 10 errors (640/sec, ~602min left)
  600,000 uploaded, 9,633,044 skipped, 10 errors (640/sec, ~602min left)
  600,000 uploaded, 9,633,988 skipped, 10 errors (640/sec, ~602min left)
  600,000 uploaded, 9,635,014 skipped, 10 errors (640/sec, ~602min left)
  600,000 uploaded, 9,636,039 skipped, 10 errors (640/sec, ~602min left)
  1,100,000 uploaded, 9,983,330 skipped, 65 errors (346/sec, ~1089min left)
  1,100,000 uploaded, 9,983,977 skipped, 65 errors (346/sec, ~1089min left)
  1,100,000 uploaded, 9,984,621 skipped, 65 errors (346/sec, ~1089min left)
  1,100,000 uploaded, 9,985,366 skipped, 65 errors (346/sec, ~1089min left)
  1,100,000 uploaded, 9,986,098 skipped, 65 errors (346/sec, ~1089min left)
  1,150,000 uploaded, 10,022,251 skipped, 65 errors (344/sec, ~1093min left)
  1,150,000 uploaded, 10,022,719 skipped, 65 errors (344/sec, ~1093min left)
  1,150,000 uploaded, 10,023,105 skipped, 65 errors (344/sec, ~1093min left)
  1,150,000 uploaded, 10,023,628 skipped, 65 errors (344/sec, ~1093min left)
  1,150,000 uploaded, 10,023,873 skipped, 65 errors (344/sec, ~1093min left)
  1,200,000 uploaded, 10,046,088 skipped, 65 errors (347/sec, ~1081min left)
  1,200,000 uploaded, 10,046,614 skipped, 65 errors (347/sec, ~1081min left)
  1,200,000 uploaded, 10,047,162 skipped, 65 errors (347/sec, ~1081min left)
  1,200,000 uploaded, 10,047,897 skipped, 65 errors (347/sec, ~1081min left)
  1,200,000 uploaded, 10,048,407 skipped, 65 errors (347/sec, ~1081min left)
